\BOOKMARK [0][]{Contents.0}{Contents}{}% 1
\BOOKMARK [0][]{chapter*.2}{Introduction}{}% 2
\BOOKMARK [0][]{chapter.1}{1 Theory}{}% 3
\BOOKMARK [1][-]{section.1.1}{1.1 Our Milky Way}{chapter.1}% 4
\BOOKMARK [2][-]{subsection.1.1.1}{1.1.1 General properties}{section.1.1}% 5
\BOOKMARK [2][-]{subsection.1.1.2}{1.1.2 Dark Matter}{section.1.1}% 6
\BOOKMARK [1][-]{section.1.2}{1.2 Tools}{chapter.1}% 7
\BOOKMARK [1][-]{section.1.3}{1.3 Physic of cosmic rays}{chapter.1}% 8
\BOOKMARK [2][-]{subsection.1.3.1}{1.3.1 Creation of CR}{section.1.3}% 9
\BOOKMARK [2][-]{subsection.1.3.2}{1.3.2 Propagation of CR}{section.1.3}% 10
\BOOKMARK [2][-]{subsection.1.3.3}{1.3.3 CR as observed from Earth}{section.1.3}% 11
\BOOKMARK [2][-]{subsection.1.3.4}{1.3.4 Gamma-ray creation}{section.1.3}% 12
\BOOKMARK [2][-]{subsection.1.3.5}{1.3.5 Gamma-ray observations}{section.1.3}% 13
\BOOKMARK [1][-]{section.1.4}{1.4 What are the unresolved problems of the precedent chapter}{chapter.1}% 14
\BOOKMARK [0][]{chapter.2}{2 Method}{}% 15
\BOOKMARK [1][-]{section.2.1}{2.1 Data origin}{chapter.2}% 16
\BOOKMARK [1][-]{section.2.2}{2.2 Model components}{chapter.2}% 17
\BOOKMARK [2][-]{subsection.2.2.1}{2.2.1 From cosmic rays to gamma-rays}{section.2.2}% 18
\BOOKMARK [2][-]{subsection.2.2.2}{2.2.2 Basic components}{section.2.2}% 19
\BOOKMARK [2][-]{subsection.2.2.3}{2.2.3 Additional components}{section.2.2}% 20
\BOOKMARK [1][-]{section.2.3}{2.3 Fitting method}{chapter.2}% 21
\BOOKMARK [0][]{chapter.3}{3 Results}{}% 22
\BOOKMARK [1][-]{section.3.1}{3.1 Recreating previous results}{chapter.3}% 23
\BOOKMARK [1][-]{section.3.2}{3.2 Introducing SCR}{chapter.3}% 24
\BOOKMARK [1][-]{section.3.3}{3.3 Introducing SCR and MCR}{chapter.3}% 25
\BOOKMARK [1][-]{section.3.4}{3.4 Introducing SCR and DM}{chapter.3}% 26
\BOOKMARK [1][-]{section.3.5}{3.5 Introducing SCR and MSP}{chapter.3}% 27
\BOOKMARK [2][-]{subsection.3.5.1}{3.5.1 Discussion on spatial shapes}{section.3.5}% 28
\BOOKMARK [0][]{chapter.4}{4 Discussion}{}% 29
\BOOKMARK [1][-]{section.4.1}{4.1 Interpretation of spatial shapes}{chapter.4}% 30
\BOOKMARK [1][-]{section.4.2}{4.2 Why is MCR better than DM or MSP}{chapter.4}% 31
\BOOKMARK [2][-]{subsection.4.2.1}{4.2.1 Comparison of the excess spectral shape}{section.4.2}% 32
\BOOKMARK [2][-]{subsection.4.2.2}{4.2.2 Discussion on the spatial distributions of the other components.}{section.4.2}% 33
\BOOKMARK [1][-]{section.4.3}{4.3 Adding the MBR component}{chapter.4}% 34
\BOOKMARK [1][-]{section.4.4}{4.4 Add DM late}{chapter.4}% 35
\BOOKMARK [2][-]{subsection.4.4.1}{4.4.1 DM and MCR}{section.4.4}% 36
\BOOKMARK [2][-]{subsection.4.4.2}{4.4.2 DMlate}{section.4.4}% 37
\BOOKMARK [1][-]{section.4.5}{4.5 How do these results fit in context}{chapter.4}% 38
\BOOKMARK [0][]{chapter.5}{5 Conclusion}{}% 39
\BOOKMARK [0][]{section*.27}{Bibliography}{}% 40
\BOOKMARK [0][]{chapter*.30}{Appendix}{}% 41
\BOOKMARK [1][-]{section.5.1}{A Some appendix section}{chapter*.30}% 42
